# JRE version: OpenJDK Runtime Environment Corretto-19.0.2.7.1 (19.0.2+7) (build 19.0.2+7-FR)
# Java VM: OpenJDK 64-Bit Server VM Corretto-19.0.2.7.1 (19.0.2+7-FR, mixed mode, sharing, tiered, compressed oops, compressed class ptrs, g1 gc, windows-amd64)
GC Precious Log:
 CardTable entry size: 512
 Card Set container configuration: InlinePtr #cards 4 size 8 Array Of Cards #cards 16 size 48 Howl #buckets 8 coarsen threshold 3686 Howl Bitmap #cards 512 size 80 coarsen threshold 460 Card regions per heap region 1 cards per card region 4096
 CPUs: 8 total, 8 available
 Memory: 32706M
 Large Page Support: Disabled
 NUMA Support: Disabled
 Compressed Oops: Enabled (Zero based)
 Heap Region Size: 2M
 Heap Min Capacity: 8M
 Heap Initial Capacity: 512M
 Heap Max Capacity: 3G
 Pre-touch: Disabled
 Parallel Workers: 8
 Concurrent Workers: 2
 Concurrent Refinement Workers: 8
 Periodic GC: Disabled
Heap:
 garbage-first heap   total 311296K, used 145073K [0x0000000740000000, 0x0000000800000000)
  region size 2048K, 42 young (86016K), 1 survivors (2048K)
 Metaspace       used 47406K, committed 48896K, reserved 1114112K
  class space    used 6648K, committed 7424K, reserved 1048576K
GC Heap History (18 events):
Event: 0.507 GC heap before
{Heap before GC invocations=0 (full 0):
 garbage-first heap   total 524288K, used 28672K [0x0000000740000000, 0x0000000800000000)
  region size 2048K, 12 young (24576K), 0 survivors (0K)
 Metaspace       used 3167K, committed 3328K, reserved 1114112K
  class space    used 395K, committed 448K, reserved 1048576K
}
Event: 0.511 GC heap after
{Heap after GC invocations=1 (full 0):
 garbage-first heap   total 524288K, used 10340K [0x0000000740000000, 0x0000000800000000)
  region size 2048K, 2 young (4096K), 2 survivors (4096K)
 Metaspace       used 3167K, committed 3328K, reserved 1114112K
  class space    used 395K, committed 448K, reserved 1048576K
}
Event: 0.858 GC heap before
{Heap before GC invocations=1 (full 0):
 garbage-first heap   total 524288K, used 41060K [0x0000000740000000, 0x0000000800000000)
  region size 2048K, 17 young (34816K), 2 survivors (4096K)
 Metaspace       used 4064K, committed 4224K, reserved 1114112K
  class space    used 484K, committed 576K, reserved 1048576K
}
Event: 0.860 GC heap after
{Heap after GC invocations=2 (full 0):
 garbage-first heap   total 524288K, used 11229K [0x0000000740000000, 0x0000000800000000)
  region size 2048K, 1 young (2048K), 1 survivors (2048K)
 Metaspace       used 4064K, committed 4224K, reserved 1114112K
  class space    used 484K, committed 576K, reserved 1048576K
}
Event: 2.190 GC heap before
{Heap before GC invocations=2 (full 0):
 garbage-first heap   total 524288K, used 119773K [0x0000000740000000, 0x0000000800000000)
  region size 2048K, 55 young (112640K), 1 survivors (2048K)
 Metaspace       used 20833K, committed 21504K, reserved 1114112K
  class space    used 2956K, committed 3328K, reserved 1048576K
}
Event: 2.196 GC heap after
{Heap after GC invocations=3 (full 0):
 garbage-first heap   total 524288K, used 22248K [0x0000000740000000, 0x0000000800000000)
  region size 2048K, 6 young (12288K), 6 survivors (12288K)
 Metaspace       used 20833K, committed 21504K, reserved 1114112K
  class space    used 2956K, committed 3328K, reserved 1048576K
}
Event: 2.650 GC heap before
{Heap before GC invocations=4 (full 0):
 garbage-first heap   total 90112K, used 75496K [0x0000000740000000, 0x0000000800000000)
  region size 2048K, 26 young (53248K), 6 survivors (12288K)
 Metaspace       used 25520K, committed 26368K, reserved 1114112K
  class space    used 3730K, committed 4160K, reserved 1048576K
}
Event: 2.655 GC heap after
{Heap after GC invocations=5 (full 0):
 garbage-first heap   total 98304K, used 41355K [0x0000000740000000, 0x0000000800000000)
  region size 2048K, 3 young (6144K), 3 survivors (6144K)
 Metaspace       used 25520K, committed 26368K, reserved 1114112K
  class space    used 3730K, committed 4160K, reserved 1048576K
}
Event: 2.675 GC heap before
{Heap before GC invocations=5 (full 0):
 garbage-first heap   total 98304K, used 43403K [0x0000000740000000, 0x0000000800000000)
  region size 2048K, 4 young (8192K), 3 survivors (6144K)
 Metaspace       used 25700K, committed 26560K, reserved 1114112K
  class space    used 3766K, committed 4224K, reserved 1048576K
}
Event: 2.676 GC heap after
{Heap after GC invocations=6 (full 0):
 garbage-first heap   total 98304K, used 41677K [0x0000000740000000, 0x0000000800000000)
  region size 2048K, 1 young (2048K), 1 survivors (2048K)
 Metaspace       used 25700K, committed 26560K, reserved 1114112K
  class space    used 3766K, committed 4224K, reserved 1048576K
}
Event: 2.945 GC heap before
{Heap before GC invocations=6 (full 0):
 garbage-first heap   total 98304K, used 70349K [0x0000000740000000, 0x0000000800000000)
  region size 2048K, 15 young (30720K), 1 survivors (2048K)
 Metaspace       used 28993K, committed 30144K, reserved 1114112K
  class space    used 4300K, committed 4928K, reserved 1048576K
}
Event: 2.947 GC heap after
{Heap after GC invocations=7 (full 0):
 garbage-first heap   total 98304K, used 42740K [0x0000000740000000, 0x0000000800000000)
  region size 2048K, 1 young (2048K), 1 survivors (2048K)
 Metaspace       used 28993K, committed 30144K, reserved 1114112K
  class space    used 4300K, committed 4928K, reserved 1048576K
}
Event: 3.275 GC heap before
{Heap before GC invocations=7 (full 0):
 garbage-first heap   total 98304K, used 67316K [0x0000000740000000, 0x0000000800000000)
  region size 2048K, 15 young (30720K), 1 survivors (2048K)
 Metaspace       used 34764K, committed 35968K, reserved 1114112K
  class space    used 4984K, committed 5632K, reserved 1048576K
}
Event: 3.277 GC heap after
{Heap after GC invocations=8 (full 0):
 garbage-first heap   total 98304K, used 45199K [0x0000000740000000, 0x0000000800000000)
  region size 2048K, 2 young (4096K), 2 survivors (4096K)
 Metaspace       used 34764K, committed 35968K, reserved 1114112K
  class space    used 4984K, committed 5632K, reserved 1048576K
}
Event: 3.535 GC heap before
{Heap before GC invocations=9 (full 0):
 garbage-first heap   total 98304K, used 75919K [0x0000000740000000, 0x0000000800000000)
  region size 2048K, 17 young (34816K), 2 survivors (4096K)
 Metaspace       used 36725K, committed 37952K, reserved 1114112K
  class space    used 5191K, committed 5824K, reserved 1048576K
}
Event: 3.539 GC heap after
{Heap after GC invocations=10 (full 0):
 garbage-first heap   total 311296K, used 48330K [0x0000000740000000, 0x0000000800000000)
  region size 2048K, 3 young (6144K), 3 survivors (6144K)
 Metaspace       used 36725K, committed 37952K, reserved 1114112K
  class space    used 5191K, committed 5824K, reserved 1048576K
}
Event: 3.634 GC heap before
{Heap before GC invocations=10 (full 0):
 garbage-first heap   total 311296K, used 58570K [0x0000000740000000, 0x0000000800000000)
  region size 2048K, 7 young (14336K), 3 survivors (6144K)
 Metaspace       used 37962K, committed 39168K, reserved 1114112K
  class space    used 5274K, committed 5888K, reserved 1048576K
}
Event: 3.638 GC heap after
{Heap after GC invocations=11 (full 0):
 garbage-first heap   total 311296K, used 48817K [0x0000000740000000, 0x0000000800000000)
  region size 2048K, 1 young (2048K), 1 survivors (2048K)
 Metaspace       used 37962K, committed 39168K, reserved 1114112K
  class space    used 5274K, committed 5888K, reserved 1048576K
}

